This is e-pTeX, Version 3.14159265-p3.7-160201-2.6 (utf8.euc) (TeX Live 2016) (preloaded format=platex 2016.8.19)  11 NOV 2017 00:28
entering extended mode
 %&-line parsing enabled.
**basic
(./basic.tex
pLaTeX2e <2016/05/07> (based on LaTeX2e <2016/03/31>)
Babel <3.9r> and hyphenation patterns for 83 language(s) loaded.
(/usr/local/texlive/2016/texmf-dist/tex/platex/base/jreport.cls
Document Class: jreport 2006/06/27 v1.6 Standard pLaTeX class
\c@@paper=\count81
(/usr/local/texlive/2016/texmf-dist/tex/platex/base/jsize12.clo
File: jsize12.clo 2006/06/27 v1.6 Standard pLaTeX file (size option)
)
\c@part=\count82
\c@chapter=\count83
\c@section=\count84
\c@subsection=\count85
\c@subsubsection=\count86
\c@paragraph=\count87
\c@subparagraph=\count88
\c@figure=\count89
\c@table=\count90
\abovecaptionskip=\skip41
\belowcaptionskip=\skip42
\symmincho=\mathgroup4
LaTeX Font Info:    Overwriting symbol font `mincho' in version `bold'
(Font)                  JY1/mc/m/n --> JY1/gt/m/n on input line 669.
\toclineskip=\dimen118
\@lnumwidth=\dimen119
\bibindent=\dimen120
\heisei=\count91
)
(/usr/local/texlive/2016/texmf-dist/tex/latex/url/url.sty
\Urlmuskip=\muskip10
Package: url 2013/09/16  ver 3.4  Verb mode for urls, etc.
) (./jtygm.sty
Package: jtygm 1998/06/12 based on v1.3 KANJI font defines
)
(/usr/local/texlive/2016/texmf-dist/tex/platex/base/ascmac.sty
Package: ascmac 2016/04/15 v2.0b ascmac wrapper (community edition) 

(/usr/local/texlive/2016/texmf-dist/tex/platex/base/tascmac.sty
Package: tascmac 2016/04/15 v2.0b ascmac package (community edition) 
\@savetbaselineshift=\dimen121
\@saveybaselineshift=\dimen122
\scb@x=\box41
\scscb@x=\box42
\@bw=\dimen123
\@nbox=\box43
\@nbody=\box44
\@scw=\dimen124
\@itemh=\dimen125
\@iboxpos=\toks15
\@iboxstr=\box45
\@bwsp=\box46
\@@bwsp=\box47
\@bcal=\count92
\shaderule=\dimen126
))
(/usr/local/texlive/2016/texmf-dist/tex/latex/graphics/graphicx.sty
Package: graphicx 2014/10/28 v1.0g Enhanced LaTeX Graphics (DPC,SPQR)

(/usr/local/texlive/2016/texmf-dist/tex/latex/graphics/keyval.sty
Package: keyval 2014/10/28 v1.15 key=value parser (DPC)
\KV@toks@=\toks16
)
(/usr/local/texlive/2016/texmf-dist/tex/latex/graphics/graphics.sty
Package: graphics 2016/05/09 v1.0r Standard LaTeX Graphics (DPC,SPQR)

(/usr/local/texlive/2016/texmf-dist/tex/latex/graphics/trig.sty
Package: trig 2016/01/03 v1.10 sin cos tan (DPC)
)
(/usr/local/texlive/2016/texmf-dist/tex/latex/graphics-cfg/graphics.cfg
File: graphics.cfg 2016/01/02 v1.10 sample graphics configuration
)
Package graphics Info: Driver file: dvips.def on input line 96.

(/usr/local/texlive/2016/texmf-dist/tex/latex/graphics/dvips.def
File: dvips.def 2015/12/30 v3.0k Driver-dependent file (DPC,SPQR)
))
\Gin@req@height=\dimen127
\Gin@req@width=\dimen128
)
(/usr/local/texlive/2016/texmf-dist/tex/latex/amsmath/amsmath.sty
Package: amsmath 2016/03/10 v2.15b AMS math features
\@mathmargin=\skip43

For additional information on amsmath, use the `?' option.
(/usr/local/texlive/2016/texmf-dist/tex/latex/amsmath/amstext.sty
Package: amstext 2000/06/29 v2.01 AMS text

(/usr/local/texlive/2016/texmf-dist/tex/latex/amsmath/amsgen.sty
File: amsgen.sty 1999/11/30 v2.0 generic functions
\@emptytoks=\toks17
\ex@=\dimen129
))
(/usr/local/texlive/2016/texmf-dist/tex/latex/amsmath/amsbsy.sty
Package: amsbsy 1999/11/29 v1.2d Bold Symbols
\pmbraise@=\dimen130
)
(/usr/local/texlive/2016/texmf-dist/tex/latex/amsmath/amsopn.sty
Package: amsopn 2016/03/08 v2.02 operator names
)
\inf@bad=\count93
LaTeX Info: Redefining \frac on input line 199.
\uproot@=\count94
\leftroot@=\count95
LaTeX Info: Redefining \overline on input line 297.
\classnum@=\count96
\DOTSCASE@=\count97
LaTeX Info: Redefining \ldots on input line 394.
LaTeX Info: Redefining \dots on input line 397.
LaTeX Info: Redefining \cdots on input line 518.
\Mathstrutbox@=\box48
\strutbox@=\box49
\big@size=\dimen131
LaTeX Font Info:    Redeclaring font encoding OML on input line 634.
LaTeX Font Info:    Redeclaring font encoding OMS on input line 635.
\macc@depth=\count98
\c@MaxMatrixCols=\count99
\dotsspace@=\muskip11
\c@parentequation=\count100
\dspbrk@lvl=\count101
\tag@help=\toks18
\row@=\count102
\column@=\count103
\maxfields@=\count104
\andhelp@=\toks19
\eqnshift@=\dimen132
\alignsep@=\dimen133
\tagshift@=\dimen134
\tagwidth@=\dimen135
\totwidth@=\dimen136
\lineht@=\dimen137
\@envbody=\toks20
\multlinegap=\skip44
\multlinetaggap=\skip45
\mathdisplay@stack=\toks21
LaTeX Info: Redefining \[ on input line 2739.
LaTeX Info: Redefining \] on input line 2740.
)
(/usr/local/texlive/2016/texmf-dist/tex/latex/amsfonts/amssymb.sty
Package: amssymb 2013/01/14 v3.01 AMS font symbols

(/usr/local/texlive/2016/texmf-dist/tex/latex/amsfonts/amsfonts.sty
Package: amsfonts 2013/01/14 v3.01 Basic AMSFonts support
\symAMSa=\mathgroup5
\symAMSb=\mathgroup6
LaTeX Font Info:    Overwriting math alphabet `\mathfrak' in version `bold'
(Font)                  U/euf/m/n --> U/euf/b/n on input line 106.
))
(/usr/local/texlive/2016/texmf-dist/tex/latex/tools/multicol.sty
Package: multicol 2016/04/07 v1.8p multicolumn formatting (FMi)
\c@tracingmulticols=\count105
\mult@box=\box50
\multicol@leftmargin=\dimen138
\c@unbalance=\count106
\c@collectmore=\count107
\doublecol@number=\count108
\multicoltolerance=\count109
\multicolpretolerance=\count110
\full@width=\dimen139
\page@free=\dimen140
\premulticols=\dimen141
\postmulticols=\dimen142
\multicolsep=\skip46
\multicolbaselineskip=\skip47
\partial@page=\box51
\last@line=\box52
\maxbalancingoverflow=\dimen143
\mult@rightbox=\box53
\mult@grightbox=\box54
\mult@gfirstbox=\box55
\mult@firstbox=\box56
\@tempa=\box57
\@tempa=\box58
\@tempa=\box59
\@tempa=\box60
\@tempa=\box61
\@tempa=\box62
\@tempa=\box63
\@tempa=\box64
\@tempa=\box65
\@tempa=\box66
\@tempa=\box67
\@tempa=\box68
\@tempa=\box69
\@tempa=\box70
\@tempa=\box71
\@tempa=\box72
\@tempa=\box73
\c@columnbadness=\count111
\c@finalcolumnbadness=\count112
\last@try=\dimen144
\multicolovershoot=\dimen145
\multicolundershoot=\dimen146
\mult@nat@firstbox=\box74
\colbreak@box=\box75
\mc@col@check@num=\count113
)
(/usr/local/texlive/2016/texmf-dist/tex/latex/listings/listings.sty
\lst@mode=\count114
\lst@gtempboxa=\box76
\lst@token=\toks22
\lst@length=\count115
\lst@currlwidth=\dimen147
\lst@column=\count116
\lst@pos=\count117
\lst@lostspace=\dimen148
\lst@width=\dimen149
\lst@newlines=\count118
\lst@lineno=\count119
\lst@maxwidth=\dimen150

(/usr/local/texlive/2016/texmf-dist/tex/latex/listings/lstmisc.sty
File: lstmisc.sty 2015/06/04 1.6 (Carsten Heinz)
\c@lstnumber=\count120
\lst@skipnumbers=\count121
\lst@framebox=\box77
)
(/usr/local/texlive/2016/texmf-dist/tex/latex/listings/listings.cfg
File: listings.cfg 2015/06/04 1.6 listings configuration
))
Package: listings 2015/06/04 1.6 (Carsten Heinz)

(/usr/local/texlive/2016/texmf-dist/tex/latex/base/makeidx.sty
Package: makeidx 2014/09/29 v1.0m Standard LaTeX package
)
(/usr/local/texlive/2016/texmf-dist/tex/latex/ccaption/ccaption.sty
Package: ccaption 2011/08/07 v3.2c Extended captioning and new floats
\@contcwidth=\skip48
\@contindw=\skip49
\abovelegendskip=\skip50
\belowlegendskip=\skip51
\c@newflo@tctr=\count122
)
(/usr/local/texlive/2016/texmf-dist/tex/latex/here/here.sty)
(/usr/local/texlive/2016/texmf-dist/tex/latex/float/float.sty
Package: float 2001/11/08 v1.3d Float enhancements (AL)
\c@float@type=\count123
\float@exts=\toks23
\float@box=\box78
\@float@everytoks=\toks24
\@floatcapt=\box79
)
(/usr/local/texlive/2016/texmf-dist/tex/latex/subfigure/subfigure.sty
Package: subfigure 2002/03/15 v2.1.5 subfigure package
\subfigtopskip=\skip52
\subfigcapskip=\skip53
\subfigcaptopadj=\dimen151
\subfigbottomskip=\skip54
\subfigcapmargin=\dimen152
\subfiglabelskip=\skip55
\c@subfigure=\count124
\c@lofdepth=\count125
\c@subtable=\count126
\c@lotdepth=\count127

****************************************
* Local config file subfigure.cfg used *
****************************************
(/usr/local/texlive/2016/texmf-dist/tex/latex/subfigure/subfigure.cfg)
\subfig@top=\skip56
\subfig@bottom=\skip57
)
(/usr/local/texlive/2016/texmf-dist/tex/latex/tools/enumerate.sty
Package: enumerate 2015/07/23 v3.00 enumerate extensions (DPC)
\@enLab=\toks25
)
(/usr/local/texlive/2016/texmf-dist/tex/latex/graphics/color.sty
Package: color 2016/05/09 v1.1c Standard LaTeX Color (DPC)

(/usr/local/texlive/2016/texmf-dist/tex/latex/graphics-cfg/color.cfg
File: color.cfg 2016/01/02 v1.6 sample color configuration
)
Package color Info: Driver file: dvips.def on input line 144.

(/usr/local/texlive/2016/texmf-dist/tex/latex/graphics/dvipsnam.def
File: dvipsnam.def 2015/12/30 v3.0k Driver-dependent file (DPC,SPQR)
))
(/usr/local/texlive/2016/texmf-dist/tex/latex/fancybox/fancybox.sty
Package: fancybox 2010/05/15 1.4

Style option: `fancybox' v1.4 <2010/05/15> (tvz)
\@fancybox=\box80
\shadowsize=\dimen153
\@Sbox=\box81
\do@VerbBox=\toks26
\the@fancyput=\toks27
\this@fancyput=\toks28
\EndVerbatimTokens=\toks29
\Verbatim@Outfile=\write3
\Verbatim@Infile=\read1
) (/usr/local/texlive/2016/texmf-dist/tex/latex/geometry/geometry.sty
Package: geometry 2010/09/12 v5.6 Page Geometry

(/usr/local/texlive/2016/texmf-dist/tex/generic/oberdiek/ifpdf.sty
Package: ifpdf 2016/05/14 v3.1 Provides the ifpdf switch
)
(/usr/local/texlive/2016/texmf-dist/tex/generic/oberdiek/ifvtex.sty
Package: ifvtex 2016/05/16 v1.6 Detect VTeX and its facilities (HO)
Package ifvtex Info: VTeX not detected.
)
(/usr/local/texlive/2016/texmf-dist/tex/generic/ifxetex/ifxetex.sty
Package: ifxetex 2010/09/12 v0.6 Provides ifxetex conditional
)
\Gm@cnth=\count128
\Gm@cntv=\count129
\c@Gm@tempcnt=\count130
\Gm@bindingoffset=\dimen154
\Gm@wd@mp=\dimen155
\Gm@odd@mp=\dimen156
\Gm@even@mp=\dimen157
\Gm@layoutwidth=\dimen158
\Gm@layoutheight=\dimen159
\Gm@layouthoffset=\dimen160
\Gm@layoutvoffset=\dimen161
\Gm@dimlist=\toks30
)
(/usr/local/texlive/2016/texmf-dist/tex/latex/listings/lstlang1.sty
File: lstlang1.sty 2015/06/04 1.6 listings language file
)
(/usr/local/texlive/2016/texmf-dist/tex/latex/listings/lstmisc.sty
File: lstmisc.sty 2015/06/04 1.6 (Carsten Heinz)
)
\@indexfile=\write4
\openout4 = `basic.idx'.


Writing index file basic.idx
(./basic.aux)
\openout1 = `basic.aux'.

LaTeX Font Info:    Checking defaults for OML/cmm/m/it on input line 126.
LaTeX Font Info:    ... okay on input line 126.
LaTeX Font Info:    Checking defaults for T1/cmr/m/n on input line 126.
LaTeX Font Info:    ... okay on input line 126.
LaTeX Font Info:    Checking defaults for OT1/cmr/m/n on input line 126.
LaTeX Font Info:    ... okay on input line 126.
LaTeX Font Info:    Checking defaults for OMS/cmsy/m/n on input line 126.
LaTeX Font Info:    ... okay on input line 126.
LaTeX Font Info:    Checking defaults for OMX/cmex/m/n on input line 126.
LaTeX Font Info:    ... okay on input line 126.
LaTeX Font Info:    Checking defaults for U/cmr/m/n on input line 126.
LaTeX Font Info:    ... okay on input line 126.
LaTeX Font Info:    Checking defaults for JY1/mc/m/n on input line 126.
LaTeX Font Info:    ... okay on input line 126.
LaTeX Font Info:    Checking defaults for JT1/mc/m/n on input line 126.
LaTeX Font Info:    ... okay on input line 126.
\c@lstlisting=\count131

*geometry* driver: auto-detecting
*geometry* detected driver: dvips
*geometry* verbose mode - [ preamble ] result:
* driver: dvips
* paper: <default>
* layout: <same size as paper>
* layoutoffset:(h,v)=(0.0pt,0.0pt)
* modes: 
* h-part:(L,W,R)=(71.13188pt, 455.24411pt, 71.13188pt)
* v-part:(T,H,B)=(71.13188pt, 702.78308pt, 71.13188pt)
* \paperwidth=597.50787pt
* \paperheight=845.04684pt
* \textwidth=455.24411pt
* \textheight=702.78308pt
* \oddsidemargin=-1.1381pt
* \evensidemargin=-1.1381pt
* \topmargin=-1.1381pt
* \headheight=0.0pt
* \headsep=0.0pt
* \topskip=9.33105pt
* \footskip=30.0pt
* \marginparwidth=60.0pt
* \marginparsep=10.0pt
* \columnsep=23.09317pt
* \skip\footins=10.8pt plus 4.0pt minus 2.0pt
* \hoffset=0.0pt
* \voffset=0.0pt
* \mag=1000
* \@twocolumnfalse
* \@twosidefalse
* \@mparswitchfalse
* \@reversemarginfalse
* (1in=72.27pt=25.4mm, 1cm=28.453pt)

File: title1.eps Graphic file (type eps)
<title1.eps>
File: title2.eps Graphic file (type eps)
 <title2.eps> [1

] (./start.tex
LaTeX Font Info:    Try loading font information for OMS+cmr on input line 7.

(/usr/local/texlive/2016/texmf-dist/tex/latex/base/omscmr.fd
File: omscmr.fd 2014/09/29 v2.5h Standard LaTeX font definitions
)
LaTeX Font Info:    Font shape `OMS/cmr/m/n' in size <12> not available
(Font)              Font shape `OMS/cmsy/m/n' tried instead on input line 7.
 [1

]) [2]
(./using.tex) [3

] (./basic.toc
LaTeX Font Info:    Try loading font information for U+msa on input line 2.

(/usr/local/texlive/2016/texmf-dist/tex/latex/amsfonts/umsa.fd
File: umsa.fd 2013/01/14 v3.01 AMS symbols A
)
LaTeX Font Info:    Try loading font information for U+msb on input line 2.

(/usr/local/texlive/2016/texmf-dist/tex/latex/amsfonts/umsb.fd
File: umsb.fd 2013/01/14 v3.01 AMS symbols B
) [4

] [5]
[6] [7] [8] [9])
\tf@toc=\write5
\openout5 = `basic.toc'.

 [10]
第 0 講
(./chap00.tex [1

] [2] [3] [4]
File: fig0_1.eps Graphic file (type eps)
 <fig0_1.eps> [5] [6] [7] [8] [9]
Underfull \hbox (badness 10000) in paragraph at lines 213--214
[]\JY1/mc/m/n/12 簡易インスト ーラ ーが付いている \OT1/cmr/m/n/12 Linux(Ubuntu(
Wubi) \JY1/mc/m/n/12 や \OT1/cmr/m/n/12 Linux
 []

[10] [11] [12] [13] [14] [15]) [16]
第 1 講
(./chap01.tex [17

] [18] [19] [20] [21]
LaTeX Font Info:    Try loading font information for OML+cmr on input line 103.


(/usr/local/texlive/2016/texmf-dist/tex/latex/base/omlcmr.fd
File: omlcmr.fd 2014/09/29 v2.5h Standard LaTeX font definitions
)
LaTeX Font Info:    Font shape `OML/cmr/m/n' in size <10.95> not available
(Font)              Font shape `OML/cmm/m/it' tried instead on input line 103.
LaTeX Font Info:    Font shape `OMS/cmr/m/n' in size <10.95> not available
(Font)              Font shape `OMS/cmsy/m/n' tried instead on input line 106.
 [22] [23]
[24] [25] [26] [27]) [28]
第 2 講
(./chap02.tex [29

] [30] [31] [32] [33] [34] [35] [36] [37] [38] [39] [40]
[41] [42]) [43]
第 3 講
(./chap03.tex [44

] [45] [46] [47] [48] [49] [50] [51] [52] [53] [54]) [55]
第 4 講
(./chap04.tex [56

] [57] [58] [59] [60] [61] [62] [63] [64] [65]
Underfull \hbox (badness 10000) in paragraph at lines 411--412

 []

[66] [67])
Overfull \vbox (2.53809pt too high) has occurred while \output is active []


[68]
第 5 講
(./chap05.tex [69

] [70] [71]
Underfull \hbox (badness 10000) in paragraph at lines 127--128

 []

[72] [73] [74] [75] [76] [77] [78])
Overfull \vbox (4.20435pt too high) has occurred while \output is active []


[79]
第 6 講
(./chap06.tex [80

] [81] [82] [83] [84] [85] [86] [87] [88] [89] [90] [91]
[92] [93] [94] [95] [96] [97] [98]) [99]
第 7 講
(./chap07.tex [100

] [101] [102]
Underfull \hbox (badness 10000) in paragraph at lines 100--101

 []

[103]
LaTeX Font Info:    Font shape `OMS/cmr/m/n' in size <10> not available
(Font)              Font shape `OMS/cmsy/m/n' tried instead on input line 132.
 [104] [105] [106] [107]
Underfull \hbox (badness 10000) in paragraph at lines 260--261
[]\JY1/mc/m/n/12 ここまでに学んだ文法を用いて 、
 []

[108] [109] [110]
Overfull \hbox (32.21407pt too wide) detected at line 385
[]\OT1/cmr/m/n/12 (\OML/cmm/m/it/12 m; n\OT1/cmr/m/n/12 ) = []
 []

[111] [112]
Overfull \hbox (16.90172pt too wide) in paragraph at lines 434--435
[]\JY1/mc/m/n/12 可変引数関数では 、 \OT1/cmr/m/n/12 1 \JY1/mc/m/n/12 個以上の
引数の個数を任意に変えることができる 。 これは 、 \OT1/cmr/m/n/12 stdarg.h[][][
]\JY1/mc/m/n/12 の
 []

[113] [114] [115] [116] [117]) [118]
第 8 講
(./chap08.tex [119

] [120] [121] [122] [123] [124] [125] [126] [127] [128]
[129] [130] [131] [132] [133] [134]
Overfull \hbox (9.25212pt too wide) in paragraph at lines 515--516
[]\JY1/mc/m/n/12 接頭辞つき \OT1/cmr/m/n/12 Byte \JY1/mc/m/n/12 単位 \OT1/cmr/m
/n/12 (B,kB,MB,GB,TB)
 []

[135] [136]) [137]
第 9 講
(./chap09.tex [138

] [139] [140] [141] [142] [143] [144] [145] [146] [147]
[148]
Overfull \hbox (4.32796pt too wide) in paragraph at lines 394--395
\JY1/mc/m/n/12 た型である 。 例えば 、 曜日を表す型を作ることを考えると 、 取る
べき値は \OT1/cmr/m/n/12 Sunday,Monday,$[] $
 []

[149] [150] [151] [152])
Overfull \vbox (6.70435pt too high) has occurred while \output is active []


[153]
第 10 講
(./chap10.tex [154

] [155] [156] [157] [158] [159] [160] [161] [162] [163]
[164] [165] [166] [167] [168] [169] [170] [171] [172] [173]) [174]
第 11 講
(./chap11.tex [175

] [176] [177] [178] [179] [180] [181] [182] [183] [184]
[185] [186] [187] [188] [189] [190] [191] [192]) [193]
第 12 講
(./chap12.tex [194

] [195] [196] [197] [198] [199] [200] [201] [202] [203]
[204]
Overfull \hbox (10.72714pt too wide) in paragraph at lines 388--389
\JY1/mc/m/n/12 た引数の個数が格納される 。 引数そのものは 、 スペ ースを区切り
としており、 \OT1/cmr/m/n/12 argv[0],argv[1],...
 []

[205] [206]) [207]
第 13 講
(./chap13.tex [208

] [209] [210]
File: fig13_1.eps Graphic file (type eps)
 <fig13_1.eps> [211]
File: fig13_2.eps Graphic file (type eps)
 <fig13_2.eps> [212]
File: fig13_3.eps Graphic file (type eps)

<fig13_3.eps> [213] [214]
File: fig13_4.eps Graphic file (type eps)
 <fig13_4.eps> [215] [216] [217] [218]
File: fig13_5.eps Graphic file (type eps)
 <fig13_5.eps>
[219] [220]
File: fig13_6.eps Graphic file (type eps)
 <fig13_6.eps> [221] [222] [223] [224] [225]
Overfull \hbox (3.42172pt too wide) in paragraph at lines 467--472
[]\JY1/mc/m/n/12 与えられたグラフが 、 ハミルトン閉路を[]$[]$[]場合 、 そのグラ
フを\JY1/mc/bx/n/12 ハミルトングラフ[] \OT1/cmr/m/n/12 (Hamil-
 []

[226]) [227]
第 14 講
(./chap14.tex [228

] [229] [230] [231] [232] [233] [234] [235] [236] [237]
[238] [239] [240] [241] [242] [243] [244]) [245]
第 15 講
(./chap15.tex
File: fig15_1.eps Graphic file (type eps)
 <fig15_1.eps> [246

] [247]
File: fig15_2.eps Graphic file (type eps)
 <fig15_2.eps> [248] [249] [250]
[251] [252] [253] [254]
File: fig15_3.eps Graphic file (type eps)
 <fig15_3.eps> [255] [256] [257] [258] [259] [260]
[261]) [262]
付録 A 
(./AppendixA.tex [263

] [264] [265] [266] [267] [268] [269]
Overfull \hbox (1.8619pt too wide) in paragraph at lines 219--220
[]\OT1/cmtt/m/n/12 nextafter(x,y)\OT1/cmr/m/n/12 :$\OML/cmm/m/it/12 y$ \JY1/mc/
m/n/12 方向に見たとき 、 $\OML/cmm/m/it/12 x$ \JY1/mc/m/n/12 の次に表現可能な数
値を返却する 。 \OT1/cmtt/m/n/12 nexttoword
 []

[270] [271]
Overfull \hbox (0.59175pt too wide) in paragraph at lines 304--305
[]\OT1/cmtt/m/n/12 FILE *freopen(const char *fn,const char *mode,stream)\OT1/cm
r/m/n/12 :\OT1/cmtt/m/n/12 mode \JY1/mc/m/n/12 に従 っ て \OT1/cmtt/m/n/12 fn \
JY1/mc/m/n/12 の
 []

[272]
Overfull \hbox (3.72966pt too wide) in paragraph at lines 315--316
[]\OT1/cmtt/m/n/12 int vsprintf(char *s,const char *format,va_list arg)\OT1/cmr
/m/n/12 :\OT1/cmtt/m/n/12 format \JY1/mc/m/n/12 に従い文字列
 []

[273]
Overfull \hbox (8.32727pt too wide) in paragraph at lines 341--342
[]\OT1/cmtt/m/n/12 int snprintf(char *s,size_t n,const char *format,...)\OT1/cm
r/m/n/12 :\OT1/cmtt/m/n/12 format \JY1/mc/m/n/12 に従 っ てデ ー
 []


Overfull \hbox (1.46492pt too wide) in paragraph at lines 344--345
[]\OT1/cmtt/m/n/12 int vsscanf(const char *s,const char *format,va_list arg)\OT
1/cmr/m/n/12 :\OT1/cmtt/m/n/12 sscanf \JY1/mc/m/n/12 の可変
 []

[274]
Overfull \hbox (2.42624pt too wide) in paragraph at lines 345--346
[]\OT1/cmtt/m/n/12 int vfscanf(stream,const char *format,va_list arg)\OT1/cmr/m
/n/12 :\OT1/cmtt/m/n/12 fscanf \JY1/mc/m/n/12 の可変個数引数
 []

[275] [276] [277] [278] [279]
Overfull \hbox (0.6786pt too wide) in paragraph at lines 494--495
[]\OT1/cmtt/m/n/12 size_t mbrlen(c_char *s,size_t n,mbstate_t *ps)\OT1/cmr/m/n/
12 :\JY1/mc/m/n/12 マルチバイト文字のバイト
 []


Overfull \hbox (3.62755pt too wide) in paragraph at lines 495--496
[]\OT1/cmtt/m/n/12 size_t mbrtowc(wchar_t *c,c_char *s, size_t n,mbstate_t *ps)
\OT1/cmr/m/n/12 :\JY1/mc/m/n/12 変換状態格
 []


Overfull \hbox (0.42151pt too wide) in paragraph at lines 496--497
[]\OT1/cmtt/m/n/12 size_t wcrtomb(char *s,wchar_t wc,mbstate_t *ps)\OT1/cmr/m/n
/12 :\JY1/mc/m/n/12 変換状態格納領域を \OT1/cmtt/m/n/12 ps \JY1/mc/m/n/12 と
 []

[280]
Overfull \hbox (6.23439pt too wide) in paragraph at lines 498--499
[]\OT1/cmtt/m/n/12 size_t wcsrtombs(char *s,c_wchar_t **src,size_t n,mbstate_t 
*ps)\OT1/cmr/m/n/12 :\JY1/mc/m/n/12 変換状
 []


Overfull \vbox (18.04797pt too high) has occurred while \output is active []


[281] [282] [283] [284] [285] [286] [287])
付録 B 
(./AppendixB.tex
Overfull \hbox (20.40834pt too wide) in paragraph at lines 42--66
 [][][][] 
 []

[288

] [289] [290] [291] [292] [293]) [294]
付録 C 
(./AppendixC.tex) [295

] (./book.tex [296

]) [297] (./last.tex) (./basic.ind
[298

] [299

] [300] [301] [302] [303]) (./basic.aux) ) 
Here is how much of TeX's memory you used:
 5207 strings out of 493693
 67705 string characters out of 6149787
 440302 words of memory out of 5000000
 8593 multiletter control sequences out of 15000+600000
 26087 words of font info for 105 fonts, out of 8000000 for 9000
 929 hyphenation exceptions out of 8191
 27i,11n,49p,1537b,1476s stack positions out of 5000i,500n,10000p,200000b,80000s

Output written on basic.dvi (314 pages, 1726768 bytes).
