This is e-pTeX, Version 3.1415926-p3.3-110825-2.4 (utf8.euc) (TeX Live 2012) (format=platex 2012.11.25)  21 SEP 2013 18:04
entering extended mode
 restricted \write18 enabled.
 %&-line parsing enabled.
**chap12
(./chap12.tex
pLaTeX2e <2006/11/10> (based on LaTeX2e <2011/06/27> patch level 0)
Babel <v3.8m> and hyphenation patterns for english, dumylang, nohyphenation, ge
rman-x-2012-05-30, ngerman-x-2012-05-30, afrikaans, ancientgreek, ibycus, arabi
c, armenian, basque, bulgarian, catalan, pinyin, coptic, croatian, czech, danis
h, dutch, ukenglish, usenglishmax, esperanto, estonian, ethiopic, farsi, finnis
h, french, friulan, galician, german, ngerman, swissgerman, monogreek, greek, h
ungarian, icelandic, assamese, bengali, gujarati, hindi, kannada, malayalam, ma
rathi, oriya, panjabi, tamil, telugu, indonesian, interlingua, irish, italian, 
kurmanji, latin, latvian, lithuanian, mongolian, mongolianlmc, bokmal, nynorsk,
 polish, portuguese, romanian, romansh, russian, sanskrit, serbian, serbianc, s
lovak, slovenian, spanish, swedish, turkish, turkmen, ukrainian, uppersorbian, 
welsh, loaded.

! LaTeX Error: Missing \begin{document}.

See the LaTeX manual or LaTeX Companion for explanation.
Type  H <return>  for immediate help.
 ...                                              
                                                  
l.1 こ
      こまでの入出力は標準入出力のみであった。だが、実際にはファイルに書きこ...

? 
! Interruption.
\GenericError  ...                                
                                                  \endgroup 
l.1 こ
      こまでの入出力は標準入出力のみであった。だが、実際にはファイルに書きこ...

? 

Overfull \hbox (20.0pt too wide) in paragraph at lines 1--2
[]
 []


Overfull \hbox (9.62216pt too wide) in paragraph at lines 1--2
\JY1/mc/m/n/10 こ
 []


Overfull \hbox (9.62216pt too wide) in paragraph at lines 1--2
\JY1/mc/m/n/10 こ
 []


Overfull \hbox (9.62216pt too wide) in paragraph at lines 1--2
\JY1/mc/m/n/10 ま
 []


Overfull \hbox (9.62216pt too wide) in paragraph at lines 1--2
\JY1/mc/m/n/10 で
 []


Overfull \hbox (9.62216pt too wide) in paragraph at lines 1--2
\JY1/mc/m/n/10 の
 []


Overfull \hbox (9.62216pt too wide) in paragraph at lines 1--2
\JY1/mc/m/n/10 入
 []


Overfull \hbox (9.62216pt too wide) in paragraph at lines 1--2
\JY1/mc/m/n/10 出
 []


Overfull \hbox (9.62216pt too wide) in paragraph at lines 1--2
\JY1/mc/m/n/10 力
 []


Overfull \hbox (9.62216pt too wide) in paragraph at lines 1--2
\JY1/mc/m/n/10 は
 []


Overfull \hbox (9.62216pt too wide) in paragraph at lines 1--2
\JY1/mc/m/n/10 標
 []


Overfull \hbox (9.62216pt too wide) in paragraph at lines 1--2
\JY1/mc/m/n/10 準
 []


Overfull \hbox (9.62216pt too wide) in paragraph at lines 1--2
\JY1/mc/m/n/10 入
 []


Overfull \hbox (9.62216pt too wide) in paragraph at lines 1--2
\JY1/mc/m/n/10 出
 []


Overfull \hbox (9.62216pt too wide) in paragraph at lines 1--2
\JY1/mc/m/n/10 力
 []


Overfull \hbox (9.62216pt too wide) in paragraph at lines 1--2
\JY1/mc/m/n/10 の
 []


Overfull \hbox (9.62216pt too wide) in paragraph at lines 1--2
\JY1/mc/m/n/10 み
 []


Overfull \hbox (9.62216pt too wide) in paragraph at lines 1--2
\JY1/mc/m/n/10 で
 []


Overfull \hbox (9.62216pt too wide) in paragraph at lines 1--2
\JY1/mc/m/n/10 あ
 []


Overfull \hbox (7.47433pt too wide) in paragraph at lines 1--2
\JY1/mc/m/n/10 っ
 []


Overfull \hbox (14.1623pt too wide) in paragraph at lines 1--2
\JY1/mc/m/n/10 た 。
 []


Overfull \hbox (9.62216pt too wide) in paragraph at lines 1--2
\JY1/mc/m/n/10 だ
 []


Overfull \hbox (14.1623pt too wide) in paragraph at lines 1--2
\JY1/mc/m/n/10 が 、
 []


Overfull \hbox (9.62216pt too wide) in paragraph at lines 1--2
\JY1/mc/m/n/10 実
 []


Overfull \hbox (9.62216pt too wide) in paragraph at lines 1--2
\JY1/mc/m/n/10 際
 []


Overfull \hbox (9.62216pt too wide) in paragraph at lines 1--2
\JY1/mc/m/n/10 に
 []


Overfull \hbox (9.62216pt too wide) in paragraph at lines 1--2
\JY1/mc/m/n/10 は
 []


Overfull \hbox (9.62216pt too wide) in paragraph at lines 1--2
\JY1/mc/m/n/10 フ
 []


Overfull \hbox (7.47433pt too wide) in paragraph at lines 1--2
\JY1/mc/m/n/10 ァ
 []


Overfull \hbox (9.62216pt too wide) in paragraph at lines 1--2
\JY1/mc/m/n/10 イ
 []


Overfull \hbox (9.62216pt too wide) in paragraph at lines 1--2
\JY1/mc/m/n/10 ル
 []


Overfull \hbox (9.62216pt too wide) in paragraph at lines 1--2
\JY1/mc/m/n/10 に
 []


Overfull \hbox (9.62216pt too wide) in paragraph at lines 1--2
\JY1/mc/m/n/10 書
 []


Overfull \hbox (9.62216pt too wide) in paragraph at lines 1--2
\JY1/mc/m/n/10 き
 []


Overfull \hbox (9.62216pt too wide) in paragraph at lines 1--2
\JY1/mc/m/n/10 こ
 []


Overfull \hbox (9.62216pt too wide) in paragraph at lines 1--2
\JY1/mc/m/n/10 み
 []


Overfull \hbox (9.62216pt too wide) in paragraph at lines 1--2
\JY1/mc/m/n/10 た
 []


Overfull \hbox (9.62216pt too wide) in paragraph at lines 1--2
\JY1/mc/m/n/10 い
 []


Overfull \hbox (9.62216pt too wide) in paragraph at lines 1--2
\JY1/mc/m/n/10 場
 []


Overfull \hbox (9.62216pt too wide) in paragraph at lines 1--2
\JY1/mc/m/n/10 合
 []


Overfull \hbox (9.62216pt too wide) in paragraph at lines 1--2
\JY1/mc/m/n/10 も
 []


Overfull \hbox (9.62216pt too wide) in paragraph at lines 1--2
\JY1/mc/m/n/10 多
 []


Overfull \hbox (14.1623pt too wide) in paragraph at lines 1--2
\JY1/mc/m/n/10 い 。
 []


Overfull \hbox (9.62216pt too wide) in paragraph at lines 1--2
\JY1/mc/m/n/10 こ
 []


Overfull \hbox (9.62216pt too wide) in paragraph at lines 1--2
\JY1/mc/m/n/10 こ
 []


Overfull \hbox (9.62216pt too wide) in paragraph at lines 1--2
\JY1/mc/m/n/10 で
 []


Overfull \hbox (14.1623pt too wide) in paragraph at lines 1--2
\JY1/mc/m/n/10 は 、
 []


Overfull \hbox (9.62216pt too wide) in paragraph at lines 1--2
\JY1/mc/m/n/10 フ
 []


Overfull \hbox (7.47433pt too wide) in paragraph at lines 1--2
\JY1/mc/m/n/10 ァ
 []


Overfull \hbox (9.62216pt too wide) in paragraph at lines 1--2
\JY1/mc/m/n/10 イ
 []


Overfull \hbox (9.62216pt too wide) in paragraph at lines 1--2
\JY1/mc/m/n/10 ル
 []


Overfull \hbox (9.62216pt too wide) in paragraph at lines 1--2
\JY1/mc/m/n/10 の
 []


Overfull \hbox (9.62216pt too wide) in paragraph at lines 1--2
\JY1/mc/m/n/10 扱
 []


Overfull \hbox (9.62216pt too wide) in paragraph at lines 1--2
\JY1/mc/m/n/10 い
 []


Overfull \hbox (9.62216pt too wide) in paragraph at lines 1--2
\JY1/mc/m/n/10 を
 []


Overfull \hbox (9.62216pt too wide) in paragraph at lines 1--2
\JY1/mc/m/n/10 学
 []


Overfull \hbox (14.1623pt too wide) in paragraph at lines 1--2
\JY1/mc/m/n/10 び 、
 []


Overfull \hbox (9.62216pt too wide) in paragraph at lines 1--2
\JY1/mc/m/n/10 プ
 []


Overfull \hbox (9.62216pt too wide) in paragraph at lines 1--2
\JY1/mc/m/n/10 ロ
 []


Overfull \hbox (9.62216pt too wide) in paragraph at lines 1--2
\JY1/mc/m/n/10 グ
 []


Overfull \hbox (9.62216pt too wide) in paragraph at lines 1--2
\JY1/mc/m/n/10 ラ
 []


Overfull \hbox (9.62216pt too wide) in paragraph at lines 1--2
\JY1/mc/m/n/10 ミ
 []


Overfull \hbox (9.62216pt too wide) in paragraph at lines 1--2
\JY1/mc/m/n/10 ン
 []


Overfull \hbox (9.62216pt too wide) in paragraph at lines 1--2
\JY1/mc/m/n/10 グ
 []


Overfull \hbox (9.62216pt too wide) in paragraph at lines 1--2
\JY1/mc/m/n/10 の
 []


Overfull \hbox (9.62216pt too wide) in paragraph at lines 1--2
\JY1/mc/m/n/10 幅
 []


Overfull \hbox (9.62216pt too wide) in paragraph at lines 1--2
\JY1/mc/m/n/10 を
 []


Overfull \hbox (9.62216pt too wide) in paragraph at lines 1--2
\JY1/mc/m/n/10 広
 []


Overfull \hbox (9.62216pt too wide) in paragraph at lines 1--2
\JY1/mc/m/n/10 げ
 []


Overfull \hbox (9.62216pt too wide) in paragraph at lines 1--2
\JY1/mc/m/n/10 よ
 []


Overfull \hbox (14.18115pt too wide) in paragraph at lines 1--2
\JY1/mc/m/n/10 う。 
 []

! Undefined control sequence.
l.3 \section
            {ファイルとストリーム}
? 

! LaTeX Error: Missing \begin{document}.

See the LaTeX manual or LaTeX Companion for explanation.
Type  H <return>  for immediate help.
 ...                                              
                                                  
l.3 \section{フ
               ァイルとストリーム}
? 
! Undefined control sequence.
l.5 \subsection
               {ファイルとは}
? 
LaTeX Font Info:    Font shape `JT1/mc/bx/n' in size <10> not available
(Font)              Font shape `JT1/gt/m/n' tried instead on input line 6.
LaTeX Font Info:    Font shape `JY1/mc/bx/n' in size <10> not available
(Font)              Font shape `JY1/gt/m/n' tried instead on input line 6.
LaTeX Font Info:    External font `cmex10' loaded for size
(Font)              <7> on input line 9.
LaTeX Font Info:    External font `cmex10' loaded for size
(Font)              <5> on input line 9.
! Undefined control sequence.
\@footnotetext ...tempa \reset@font \footnotesize 
                                                  \interlinepenalty \interfo...
l.9 ...リ(binary)とは「2進数」という意味である。}
                                                 。C言語のソースプログラムはテ
? 
! Emergency stop.
\@footnotetext ...tempa \reset@font \footnotesize 
                                                  \interlinepenalty \interfo...
l.9 ...リ(binary)とは「2進数」という意味である。}
                                                 。C言語のソースプログラムはテ
End of file on the terminal!

 
Here is how much of TeX's memory you used:
 10 strings out of 494059
 115 string characters out of 3156204
 53965 words of memory out of 3000000
 3536 multiletter control sequences out of 15000+200000
 7827 words of font info for 32 fonts, out of 3000000 for 9000
 745 hyphenation exceptions out of 8191
 24i,5n,14p,581b,104s stack positions out of 5000i,500n,10000p,200000b,50000s
No pages of output.
